<?xml version="1.0" encoding="UTF-8"?>
<!-- Generated by org.testng.reporters.JUnitReportReporter -->
<testsuite hostname="CT00140" failures="0" tests="3" name="TestRunner.CucumberTestRunner" time="8.389" errors="0" timestamp="2024-03-07T15:50:06 IST" skipped="0">
  <testcase classname="TestRunner.CucumberTestRunner" name="runScenario" time="2.961"/>
  <testcase classname="TestRunner.CucumberTestRunner" name="runScenario" time="2.920"/>
  <testcase classname="TestRunner.CucumberTestRunner" name="runScenario" time="2.508"/>
</testsuite> <!-- TestRunner.CucumberTestRunner -->
