<?xml version="1.0" encoding="UTF-8"?>
<!-- Generated by org.testng.reporters.JUnitReportReporter -->
<testsuite hostname="CT00140" failures="0" tests="3" name="TestRunner.CucumberTestRunner" time="7.750" errors="0" timestamp="2024-03-07T12:17:32 IST" skipped="0">
  <testcase classname="TestRunner.CucumberTestRunner" name="runScenario" time="3.151"/>
  <testcase classname="TestRunner.CucumberTestRunner" name="runScenario" time="2.348"/>
  <testcase classname="TestRunner.CucumberTestRunner" name="runScenario" time="2.251"/>
</testsuite> <!-- TestRunner.CucumberTestRunner -->
